TN:
SF:src\App.tsx
FN:3,App
FNF:1
FNH:0
FNDA:0,App
DA:1,0
DA:4,0
DA:11,0
LF:3
LH:0
BRF:0
BRH:0
end_of_record
TN:
SF:src\Tasks\CountryStateCity\Country.ts
FNF:0
FNH:0
DA:19,1
LF:1
LH:1
BRF:0
BRH:0
end_of_record
TN:
SF:src\Tasks\CountryStateCity\DisplayCountry.tsx
FN:4,DisplayCountry
FN:10,(anonymous_1)
FN:13,(anonymous_2)
FN:16,(anonymous_3)
FN:22,(anonymous_4)
FN:27,(anonymous_5)
FN:41,(anonymous_6)
FN:55,(anonymous_7)
FN:70,(anonymous_8)
FNF:9
FNH:9
FNDA:12,DisplayCountry
FNDA:18,(anonymous_1)
FNDA:9,(anonymous_2)
FNDA:3,(anonymous_3)
FNDA:2,(anonymous_4)
FNDA:1,(anonymous_5)
FNDA:24,(anonymous_6)
FNDA:12,(anonymous_7)
FNDA:6,(anonymous_8)
DA:1,1
DA:2,1
DA:5,12
DA:6,12
DA:7,12
DA:9,12
DA:10,18
DA:12,12
DA:13,12
DA:14,12
DA:16,12
DA:17,3
DA:18,3
DA:19,3
DA:22,12
DA:23,2
DA:24,2
DA:27,12
DA:28,1
DA:31,12
DA:42,24
DA:56,12
DA:71,6
DA:87,1
LF:24
LH:24
BRDA:12,0,0,6
BRDA:12,0,1,6
BRDA:14,1,0,3
BRDA:14,1,1,9
BRDA:48,2,0,12
BRDA:48,2,1,6
BRDA:63,3,0,12
BRDA:63,3,1,3
BRDA:78,4,0,12
BRDA:78,4,1,6
BRF:10
BRH:10
end_of_record
